Project Information                                       d:\dennis\lab4q2.rpt

MAX+plus II Compiler Report File
Version 10.2 07/10/2002
Compiled: 08/21/2019 09:40:34

Copyright (C) 1988-2002 Altera Corporation
Any megafunction design, and related net list (encrypted or decrypted),
support information, device programming or simulation file, and any other
associated documentation or information provided by Altera or a partner
under Altera's Megafunction Partnership Program may be used only to
program PLD devices (but not masked PLD devices) from Altera.  Any other
use of such megafunction design, net list, support information, device
programming or simulation file, or any other related documentation or
information is prohibited for any other purpose, including, but not
limited to modification, reverse engineering, de-compiling, or use with
any other silicon devices, unless such use is explicitly licensed under
a separate agreement with Altera or a megafunction partner.  Title to
the intellectual property, including patents, copyrights, trademarks,
trade secrets, or maskworks, embodied in any such megafunction design,
net list, support information, device programming or simulation file, or
any other related documentation or information provided by Altera or a
megafunction partner, remains with Altera, the megafunction partner, or
their respective licensors.  No other licenses, including any licenses
needed under any third party's intellectual property, are provided herein.



***** Project compilation was successful




** DEVICE SUMMARY **

Chip/                     Input   Output   Bidir         Shareable
POF       Device          Pins    Pins     Pins     LCs  Expanders  % Utilized

lab4q2    EPM7032LC44-6    9        5        0      14      5           43 %

User Pins:                 9        5        0  



Project Information                                       d:\dennis\lab4q2.rpt

** FILE HIERARCHY **



|lab4full:stage0|
|lab4full:stage1|
|lab4full:stage2|
|lab4full:stage3|


Device-Specific Information:                              d:\dennis\lab4q2.rpt
lab4q2

***** Logic for device 'lab4q2' compiled without errors.




Device: EPM7032LC44-6

Device Options:
    Turbo Bit                                    = ON
    Security Bit                                 = OFF

                                            R  
                                            E  
                                            S  
                                            E  
                                            R  
                    c  V  G  G  G  G  G     V  
              x  y  i  C  N  N  N  N  N  s  E  
              0  3  n  C  D  D  D  D  D  0  D  
            -----------------------------------_ 
          /   6  5  4  3  2  1 44 43 42 41 40   | 
      x1 |  7                                39 | RESERVED 
      x2 |  8                                38 | RESERVED 
      x3 |  9                                37 | RESERVED 
     GND | 10                                36 | s3 
      y0 | 11                                35 | VCC 
      y1 | 12         EPM7032LC44-6          34 | s2 
      y2 | 13                                33 | cout 
RESERVED | 14                                32 | s1 
     VCC | 15                                31 | RESERVED 
RESERVED | 16                                30 | GND 
RESERVED | 17                                29 | RESERVED 
         |_  18 19 20 21 22 23 24 25 26 27 28  _| 
           ------------------------------------ 
              R  R  R  R  G  V  R  R  R  R  R  
              E  E  E  E  N  C  E  E  E  E  E  
              S  S  S  S  D  C  S  S  S  S  S  
              E  E  E  E        E  E  E  E  E  
              R  R  R  R        R  R  R  R  R  
              V  V  V  V        V  V  V  V  V  
              E  E  E  E        E  E  E  E  E  
              D  D  D  D        D  D  D  D  D  


N.C. = No Connect. This pin has no internal connection to the device.
VCC = Dedicated power pin, which MUST be connected to VCC.
GND = Dedicated ground pin or unused dedicated input, which MUST be connected to GND.
RESERVED = Unused I/O pin, which MUST be left unconnected.



Device-Specific Information:                              d:\dennis\lab4q2.rpt
lab4q2

** RESOURCE USAGE **

                                                Shareable     External
Logic Array Block     Logic Cells   I/O Pins    Expanders   Interconnect

A:     LC1 - LC16     0/16(  0%)   9/16( 56%)   0/16(  0%)   0/36(  0%) 
B:    LC17 - LC32    14/16( 87%)   5/16( 31%)  15/16( 93%)  18/36( 50%) 


Total dedicated input pins used:                 0/4      (  0%)
Total I/O pins used:                            14/32     ( 43%)
Total logic cells used:                         14/32     ( 43%)
Total shareable expanders used:                  5/32     ( 15%)
Total Turbo logic cells used:                   14/32     ( 43%)
Total shareable expanders not available (n/a):  10/32     ( 31%)
Average fan-in:                                  6.21
Total fan-in:                                    87

Total input pins required:                       9
Total output pins required:                      5
Total bidirectional pins required:               0
Total logic cells required:                     14
Total flipflops required:                        0
Total product terms required:                   66
Total logic cells lending parallel expanders:    0
Total shareable expanders in database:           5

Synthesized logic cells:                         9/  32   ( 28%)



Device-Specific Information:                              d:\dennis\lab4q2.rpt
lab4q2

** INPUTS **

                                         Shareable
                                         Expanders     Fan-In    Fan-Out
 Pin     LC  LAB  Primitive    Code   Total Shared n/a INP  FBK  OUT  FBK  Name
   4    (1)  (A)      INPUT               0      0   0    0    0    3    8  cin
   6    (3)  (A)      INPUT               0      0   0    0    0    3    8  x0
   7    (4)  (A)      INPUT               0      0   0    0    0    2    8  x1
   8    (5)  (A)      INPUT               0      0   0    0    0    2    5  x2
   9    (6)  (A)      INPUT               0      0   0    0    0    2    0  x3
  11    (7)  (A)      INPUT               0      0   0    0    0    3    8  y0
  12    (8)  (A)      INPUT               0      0   0    0    0    2    9  y1
  13    (9)  (A)      INPUT               0      0   0    0    0    1    7  y2
   5    (2)  (A)      INPUT               0      0   0    0    0    1    6  y3


Code:

s = Synthesized pin or logic cell
t = Turbo logic cell
+ = Synchronous flipflop
! = NOT gate push-back
r = Fitter-inserted logic cell


Device-Specific Information:                              d:\dennis\lab4q2.rpt
lab4q2

** OUTPUTS **

                                         Shareable
                                         Expanders     Fan-In    Fan-Out
 Pin     LC  LAB  Primitive    Code   Total Shared n/a INP  FBK  OUT  FBK  Name
  33     24    B     OUTPUT      t        5      1   1    9    0    0    0  cout
  41     17    B     OUTPUT      t        0      0   0    3    0    0    0  s0
  32     25    B     OUTPUT      t        3      1   1    5    0    0    0  s1
  34     23    B     OUTPUT      t        0      0   0    1    3    0    0  s2
  36     22    B     OUTPUT      t        0      0   0    1    6    0    0  s3


Code:

s = Synthesized pin or logic cell
t = Turbo logic cell
+ = Synchronous flipflop
! = NOT gate push-back
r = Fitter-inserted logic cell


Device-Specific Information:                              d:\dennis\lab4q2.rpt
lab4q2

** BURIED LOGIC **

                                         Shareable
                                         Expanders     Fan-In    Fan-Out
 Pin     LC  LAB  Primitive    Code   Total Shared n/a INP  FBK  OUT  FBK  Name
 (37)    21    B       SOFT    s t        1      0   1    6    0    1    0  |lab4full:stage2|~8~1
 (38)    20    B       SOFT    s t        1      0   1    6    0    1    0  |lab4full:stage2|~8~2
 (29)    27    B       SOFT    s t        0      0   0    6    0    1    0  |lab4full:stage2|~8~3
 (28)    28    B       SOFT    s t        1      0   1    7    0    1    0  |lab4full:stage3|~8~1
 (26)    30    B       SOFT    s t        1      0   1    8    0    1    0  |lab4full:stage3|~8~2
 (27)    29    B       SOFT    s t        1      0   1    6    0    1    0  |lab4full:stage3|~8~3
 (31)    26    B       SOFT    s t        1      0   1    8    0    1    0  |lab4full:stage3|~8~4
 (39)    19    B       SOFT    s t        1      0   1    7    0    1    0  |lab4full:stage3|~8~5
 (40)    18    B       SOFT    s t        1      0   1    5    0    1    0  |lab4full:stage3|~8~6


Code:

s = Synthesized pin or logic cell
t = Turbo logic cell
+ = Synchronous flipflop
! = NOT gate push-back
r = Fitter-inserted logic cell


Device-Specific Information:                              d:\dennis\lab4q2.rpt
lab4q2

** LOGIC CELL INTERCONNECTIONS **

Logic Array Block 'B':

                                     Logic cells placed in LAB 'B'
        +--------------------------- LC24 cout
        | +------------------------- LC21 |lab4full:stage2|~8~1
        | | +----------------------- LC20 |lab4full:stage2|~8~2
        | | | +--------------------- LC27 |lab4full:stage2|~8~3
        | | | | +------------------- LC28 |lab4full:stage3|~8~1
        | | | | | +----------------- LC30 |lab4full:stage3|~8~2
        | | | | | | +--------------- LC29 |lab4full:stage3|~8~3
        | | | | | | | +------------- LC26 |lab4full:stage3|~8~4
        | | | | | | | | +----------- LC19 |lab4full:stage3|~8~5
        | | | | | | | | | +--------- LC18 |lab4full:stage3|~8~6
        | | | | | | | | | | +------- LC17 s0
        | | | | | | | | | | | +----- LC25 s1
        | | | | | | | | | | | | +--- LC23 s2
        | | | | | | | | | | | | | +- LC22 s3
        | | | | | | | | | | | | | | 
        | | | | | | | | | | | | | |   Other LABs fed by signals
        | | | | | | | | | | | | | |   that feed LAB 'B'
LC      | | | | | | | | | | | | | | | A B |     Logic cells that feed LAB 'B':
LC21 -> - - - - - - - - - - - - * - | - * | <-- |lab4full:stage2|~8~1
LC20 -> - - - - - - - - - - - - * - | - * | <-- |lab4full:stage2|~8~2
LC27 -> - - - - - - - - - - - - * - | - * | <-- |lab4full:stage2|~8~3
LC28 -> - - - - - - - - - - - - - * | - * | <-- |lab4full:stage3|~8~1
LC30 -> - - - - - - - - - - - - - * | - * | <-- |lab4full:stage3|~8~2
LC29 -> - - - - - - - - - - - - - * | - * | <-- |lab4full:stage3|~8~3
LC26 -> - - - - - - - - - - - - - * | - * | <-- |lab4full:stage3|~8~4
LC19 -> - - - - - - - - - - - - - * | - * | <-- |lab4full:stage3|~8~5
LC18 -> - - - - - - - - - - - - - * | - * | <-- |lab4full:stage3|~8~6

Pin
4    -> * * * * * * * * * - * * - - | - * | <-- cin
6    -> * * * * * * * * * - * * - - | - * | <-- x0
7    -> * * * * * * - * * * - * - - | - * | <-- x1
8    -> * - - - * * - * * * - - * - | - * | <-- x2
9    -> * - - - - - - - - - - - - * | - * | <-- x3
11   -> * * * * * * * * * - * * - - | - * | <-- y0
12   -> * * * * * * * * * * - * - - | - * | <-- y1
13   -> * * * * - * * * - * - - - - | - * | <-- y2
5    -> * - - - * * * * * * - - - - | - * | <-- y3


* = The logic cell or pin is an input to the logic cell (or LAB) through the PIA.
- = The logic cell or pin is not an input to the logic cell (or LAB).


Device-Specific Information:                              d:\dennis\lab4q2.rpt
lab4q2

** EQUATIONS **

cin      : INPUT;
x0       : INPUT;
x1       : INPUT;
x2       : INPUT;
x3       : INPUT;
y0       : INPUT;
y1       : INPUT;
y2       : INPUT;
y3       : INPUT;

-- Node name is 'cout' 
-- Equation name is 'cout', location is LC024, type is output.
 cout    = LCELL( _EQ001 $  GND);
  _EQ001 =  cin &  _X001 &  _X002 &  _X003 &  y0
         #  x0 &  _X001 &  _X002 &  _X003 &  _X004
         #  x1 &  _X001 &  _X003 &  y1
         #  x2 &  _X003 &  y2
         #  x3 &  y3;
  _X001  = EXP(!x2 & !y2);
  _X002  = EXP(!x1 & !y1);
  _X003  = EXP(!x3 & !y3);
  _X004  = EXP(!cin & !y0);

-- Node name is 's0' 
-- Equation name is 's0', location is LC017, type is output.
 s0      = LCELL( _EQ002 $  x0);
  _EQ002 = !cin &  y0
         #  cin & !y0;

-- Node name is 's1' 
-- Equation name is 's1', location is LC025, type is output.
 s1      = LCELL( _EQ003 $  x1);
  _EQ003 =  cin &  y0 & !y1
         #  x0 &  _X004 & !y1
         #  _X005 & !y0 &  y1
         # !cin & !x0 &  y1;
  _X004  = EXP(!cin & !y0);
  _X005  = EXP( cin &  x0);

-- Node name is 's2' 
-- Equation name is 's2', location is LC023, type is output.
 s2      = LCELL( _EQ004 $ !x2);
  _EQ004 = !_LC020 & !_LC021 & !_LC027;

-- Node name is 's3' 
-- Equation name is 's3', location is LC022, type is output.
 s3      = LCELL( _EQ005 $ !x3);
  _EQ005 = !_LC018 & !_LC019 & !_LC026 & !_LC028 & !_LC029 & !_LC030;

-- Node name is '|lab4full:stage2|~8~1' 
-- Equation name is '_LC021', type is buried 
-- synthesized logic cell 
_LC021   = LCELL( _EQ006 $  GND);
  _EQ006 =  cin &  x0 &  x1 & !y2
         #  x0 &  x1 &  y0 & !y2
         #  cin &  x1 &  y0 & !y2
         #  cin &  x0 &  y1 & !y2
         #  x0 &  y0 &  y1 & !y2;

-- Node name is '|lab4full:stage2|~8~2' 
-- Equation name is '_LC020', type is buried 
-- synthesized logic cell 
_LC020   = LCELL( _EQ007 $  GND);
  _EQ007 =  cin &  y0 &  y1 & !y2
         # !cin & !y0 & !y1 &  y2
         # !x0 & !y0 & !y1 &  y2
         # !cin & !x0 & !y1 &  y2
         # !cin & !x1 & !y0 &  y2;

-- Node name is '|lab4full:stage2|~8~3' 
-- Equation name is '_LC027', type is buried 
-- synthesized logic cell 
_LC027   = LCELL( _EQ008 $  GND);
  _EQ008 = !x0 & !x1 & !y0 &  y2
         # !cin & !x0 & !x1 &  y2
         #  x1 &  y1 & !y2
         # !x1 & !y1 &  y2;

-- Node name is '|lab4full:stage3|~8~1' 
-- Equation name is '_LC028', type is buried 
-- synthesized logic cell 
_LC028   = LCELL( _EQ009 $  GND);
  _EQ009 =  cin &  x0 &  x1 &  x2 & !y3
         #  x0 &  x1 &  x2 &  y0 & !y3
         #  cin &  x1 &  x2 &  y0 & !y3
         #  cin &  x0 &  x2 &  y1 & !y3
         #  x0 &  x2 &  y0 &  y1 & !y3;

-- Node name is '|lab4full:stage3|~8~2' 
-- Equation name is '_LC030', type is buried 
-- synthesized logic cell 
_LC030   = LCELL( _EQ010 $  GND);
  _EQ010 =  cin &  x2 &  y0 &  y1 & !y3
         #  cin &  x0 &  x1 &  y2 & !y3
         #  x0 &  x1 &  y0 &  y2 & !y3
         #  cin &  x1 &  y0 &  y2 & !y3
         #  cin &  x0 &  y1 &  y2 & !y3;

-- Node name is '|lab4full:stage3|~8~3' 
-- Equation name is '_LC029', type is buried 
-- synthesized logic cell 
_LC029   = LCELL( _EQ011 $  GND);
  _EQ011 =  x0 &  y0 &  y1 &  y2 & !y3
         #  cin &  y0 &  y1 &  y2 & !y3
         # !cin & !y0 & !y1 & !y2 &  y3
         # !x0 & !y0 & !y1 & !y2 &  y3
         # !cin & !x0 & !y1 & !y2 &  y3;

-- Node name is '|lab4full:stage3|~8~4' 
-- Equation name is '_LC026', type is buried 
-- synthesized logic cell 
_LC026   = LCELL( _EQ012 $  GND);
  _EQ012 = !cin & !x1 & !y0 & !y2 &  y3
         # !x0 & !x1 & !y0 & !y2 &  y3
         # !cin & !x0 & !x1 & !y2 &  y3
         # !cin & !x2 & !y0 & !y1 &  y3
         # !x0 & !x2 & !y0 & !y1 &  y3;

-- Node name is '|lab4full:stage3|~8~5' 
-- Equation name is '_LC019', type is buried 
-- synthesized logic cell 
_LC019   = LCELL( _EQ013 $  GND);
  _EQ013 = !cin & !x0 & !x2 & !y1 &  y3
         # !cin & !x1 & !x2 & !y0 &  y3
         # !x0 & !x1 & !x2 & !y0 &  y3
         # !cin & !x0 & !x1 & !x2 &  y3
         #  x1 &  x2 &  y1 & !y3;

-- Node name is '|lab4full:stage3|~8~6' 
-- Equation name is '_LC018', type is buried 
-- synthesized logic cell 
_LC018   = LCELL( _EQ014 $  GND);
  _EQ014 =  x1 &  y1 &  y2 & !y3
         # !x1 & !y1 & !y2 &  y3
         # !x1 & !x2 & !y1 &  y3
         #  x2 &  y2 & !y3
         # !x2 & !y2 &  y3;



--     Shareable expanders that are duplicated in multiple LABs:
--     (none)




Project Information                                       d:\dennis\lab4q2.rpt

** COMPILATION SETTINGS & TIMES **

Processing Menu Commands
------------------------

Design Doctor                             = off

Logic Synthesis:

   Synthesis Type Used                    = Standard

   Default Synthesis Style                = NORMAL

      Logic option settings in 'NORMAL' style for 'MAX7000' family

      DECOMPOSE_GATES                     = on
      DUPLICATE_LOGIC_EXTRACTION          = on
      MINIMIZATION                        = full
      MULTI_LEVEL_FACTORING               = on
      NOT_GATE_PUSH_BACK                  = on
      PARALLEL_EXPANDERS                  = off
      REDUCE_LOGIC                        = on
      REFACTORIZATION                     = on
      REGISTER_OPTIMIZATION               = on
      RESYNTHESIZE_NETWORK                = on
      SLOW_SLEW_RATE                      = off
      SOFT_BUFFER_INSERTION               = on
      SUBFACTOR_EXTRACTION                = on
      TURBO_BIT                           = on
      XOR_SYNTHESIS                       = on
      IGNORE_SOFT_BUFFERS                 = off
      USE_LPM_FOR_AHDL_OPERATORS          = off

   Other logic synthesis settings:

      Automatic Global Clock              = on
      Automatic Global Clear              = on
      Automatic Global Preset             = on
      Automatic Global Output Enable      = on
      Automatic Fast I/O                  = off
      Automatic Register Packing          = off
      Automatic Open-Drain Pins           = on
      Automatic Implement in EAB          = off
      One-Hot State Machine Encoding      = off
      Optimize                            = 5

Default Timing Specifications: None

Cut All Bidir Feedback Timing Paths       = on
Cut All Clear & Preset Timing Paths       = on

Ignore Timing Assignments                 = on

Functional SNF Extractor                  = off

Linked SNF Extractor                      = off
Timing SNF Extractor                      = on
Optimize Timing SNF                       = off
Generate AHDL TDO File                    = off
Fitter Settings                           = NORMAL
Smart Recompile                           = off
Total Recompile                           = off

Interfaces Menu Commands
------------------------

EDIF Netlist Writer                       = off
Verilog Netlist Writer                    = off
VHDL Netlist Writer                       = off

Compilation Times
-----------------

   Compiler Netlist Extractor             00:00:00
   Database Builder                       00:00:00
   Logic Synthesizer                      00:00:00
   Partitioner                            00:00:00
   Fitter                                 00:00:00
   Timing SNF Extractor                   00:00:00
   Assembler                              00:00:00
   --------------------------             --------
   Total Time                             00:00:00


Memory Allocated
-----------------

Peak memory allocated during compilation  = 3,395K
